<?xml version="1.0" encoding="UTF-8"?>
<!-- Generated by org.testng.reporters.JUnitReportReporter -->
<testsuite hostname="VIJAYB-IN" failures="0" tests="5" name="com.tests.LoginTest" time="1.285" errors="0" timestamp="30 May 2021 05:48:23 GMT" skipped="0">
  <testcase classname="com.tests.LoginTest" name="verifyUsernamePasswordLoginFields" time="0.121"/>
  <testcase classname="com.tests.LoginTest" name="verifyIfLoginSuccesful" time="0.480"/>
  <testcase classname="com.tests.LoginTest" name="verifyLoginErrorMessage" time="0.353"/>
  <testcase classname="com.tests.LoginTest" name="verifyCloseSymbol" time="0.265"/>
  <testcase classname="com.tests.LoginTest" name="verifyPasswordMasked" time="0.066"/>
</testsuite> <!-- com.tests.LoginTest -->
